<?xml version="1.0" encoding="UTF-8"?>
<testng-results skipped="0" failed="0" ignored="0" total="2" passed="2">
  <reporter-output>
  </reporter-output>
  <suite name="automtion Smoke test suite" duration-ms="40095" started-at="2021-01-13T15:08:37Z" finished-at="2021-01-13T15:09:17Z">
    <groups>
    </groups>
    <test name="DemoTest_case1" duration-ms="40095" started-at="2021-01-13T15:08:37Z" finished-at="2021-01-13T15:09:17Z">
      <class name="com.qa.smokesuite.testcases.DemoTest_case1">
        <test-method status="PASS" signature="setUp()[pri:0, instance:com.qa.smokesuite.testcases.DemoTest_case1@9ba398]" name="setUp" is-config="true" duration-ms="10980" started-at="2021-01-13T15:08:37Z" finished-at="2021-01-13T15:08:48Z">
          <reporter-output>
          </reporter-output>
        </test-method> <!-- setUp -->
        <test-method status="PASS" signature="test1()[pri:0, instance:com.qa.smokesuite.testcases.DemoTest_case1@9ba398]" name="test1" duration-ms="18986" started-at="2021-01-13T15:08:48Z" finished-at="2021-01-13T15:09:07Z">
          <reporter-output>
          </reporter-output>
        </test-method> <!-- test1 -->
        <test-method status="PASS" signature="tearDown()[pri:0, instance:com.qa.smokesuite.testcases.DemoTest_case1@9ba398]" name="tearDown" is-config="true" duration-ms="1740" started-at="2021-01-13T15:09:07Z" finished-at="2021-01-13T15:09:08Z">
          <reporter-output>
          </reporter-output>
        </test-method> <!-- tearDown -->
        <test-method status="PASS" signature="setUp()[pri:0, instance:com.qa.smokesuite.testcases.DemoTest_case1@9ba398]" name="setUp" is-config="true" duration-ms="6935" started-at="2021-01-13T15:09:08Z" finished-at="2021-01-13T15:09:15Z">
          <reporter-output>
          </reporter-output>
        </test-method> <!-- setUp -->
        <test-method status="PASS" signature="test2()[pri:0, instance:com.qa.smokesuite.testcases.DemoTest_case1@9ba398]" name="test2" duration-ms="5" started-at="2021-01-13T15:09:15Z" finished-at="2021-01-13T15:09:15Z">
          <reporter-output>
          </reporter-output>
        </test-method> <!-- test2 -->
        <test-method status="PASS" signature="tearDown()[pri:0, instance:com.qa.smokesuite.testcases.DemoTest_case1@9ba398]" name="tearDown" is-config="true" duration-ms="1365" started-at="2021-01-13T15:09:15Z" finished-at="2021-01-13T15:09:17Z">
          <reporter-output>
          </reporter-output>
        </test-method> <!-- tearDown -->
      </class> <!-- com.qa.smokesuite.testcases.DemoTest_case1 -->
    </test> <!-- DemoTest_case1 -->
  </suite> <!-- automtion Smoke test suite -->
</testng-results>
